\BOOKMARK [0][-]{chapter*.1}{Introduction}{}% 1
\BOOKMARK [0][-]{chapter.1}{Determinantal point processes: Basic notions and properties}{}% 2
\BOOKMARK [1][-]{section.1.1}{Definitions and properties}{chapter.1}% 3
\BOOKMARK [1][-]{section.1.2}{Variations of DPPs}{chapter.1}% 4
\BOOKMARK [1][-]{section.1.3}{Simulation and Existence of DPPs}{chapter.1}% 5
\BOOKMARK [2][-]{subsection.1.3.1}{Cauchy-Binet type identities}{section.1.3}% 6
\BOOKMARK [2][-]{subsection.1.3.2}{Sampling and Existence}{section.1.3}% 7
\BOOKMARK [1][-]{section.1.4}{Simulation of toy examples}{chapter.1}% 8
\BOOKMARK [0][-]{chapter.2}{Point estimators and parametric models}{}% 9
\BOOKMARK [1][-]{section.2.1}{Kernel reconstruction from the empirical measures}{chapter.2}% 10
\BOOKMARK [2][-]{subsection.2.1.1}{Graph theoretical concepts}{section.2.1}% 11
\BOOKMARK [2][-]{subsection.2.1.2}{The solution of the principal minor assignment problem}{section.2.1}% 12
\BOOKMARK [2][-]{subsection.2.1.3}{Definition of the estimator and consistency}{section.2.1}% 13
\BOOKMARK [1][-]{section.2.2}{Maximum likelihood estimation}{chapter.2}% 14
\BOOKMARK [2][-]{subsection.2.2.1}{Presentation of different models}{section.2.2}% 15
\BOOKMARK [2][-]{subsection.2.2.2}{Coercivity and existence of the maximum likelihood estimators}{section.2.2}% 16
\BOOKMARK [2][-]{subsection.2.2.3}{Consistency of the maximum likelihood estimators}{section.2.2}% 17
\BOOKMARK [2][-]{subsection.2.2.4}{Approximation of the MLE}{section.2.2}% 18
\BOOKMARK [2][-]{subsection.2.2.5}{Further learning approaches}{section.2.2}% 19
\BOOKMARK [0][-]{chapter.3}{Bayesian learning for DPPs}{}% 20
\BOOKMARK [1][-]{section.3.1}{Bayesian approach to parameter estimation}{chapter.3}% 21
\BOOKMARK [1][-]{section.3.2}{Markov chain Monte Carlo methods}{chapter.3}% 22
\BOOKMARK [2][-]{subsection.3.2.1}{Reminder on Markov chains}{section.3.2}% 23
\BOOKMARK [2][-]{subsection.3.2.2}{Metropolis-Hastings random walk}{section.3.2}% 24
\BOOKMARK [2][-]{subsection.3.2.3}{Slice sampling}{section.3.2}% 25
\BOOKMARK [2][-]{subsection.3.2.4}{Variational MCMC methods}{section.3.2}% 26
\BOOKMARK [0][-]{chapter.4}{Toy example: Learning the log linearity constant of a spatial DPP}{}% 27
\BOOKMARK [1][-]{section.4.1}{MLE and regularised MLE}{chapter.4}% 28
\BOOKMARK [1][-]{section.4.2}{Bayesian estimation using MCMC methods}{chapter.4}% 29
\BOOKMARK [1][-]{section.4.3}{Stability under noise \205 does the regularisation help?}{chapter.4}% 30
\BOOKMARK [0][-]{chapter.5}{Summary and conclusion}{}% 31
\BOOKMARK [0][-]{appendix.A}{Auxiliary results}{}% 32
\BOOKMARK [0][-]{appendix.B}{Generated code}{}% 33
\BOOKMARK [1][-]{section.B.1}{Sampling algorithm}{appendix.B}% 34
\BOOKMARK [1][-]{section.B.2}{Implementation of the MCMC methods and toy examples}{appendix.B}% 35
\BOOKMARK [1][-]{section.B.3}{MLE and Bayesian estimation of the log linearity constant}{appendix.B}% 36
\BOOKMARK [0][-]{chapter*.18}{Nomenclature}{}% 37
\BOOKMARK [0][-]{chapter*.19}{Bibliography}{}% 38
