This is pdfTeX, Version 3.14159265-2.6-1.40.16 (TeX Live 2015) (preloaded format=pdflatex 2016.3.11)  23 AUG 2018 20:08
entering extended mode
 restricted \write18 enabled.
 file:line:error style messages enabled.
 %&-line parsing enabled.
**MSc-thesis.tex
(./MSc-thesis.tex
LaTeX2e <2016/02/01>
Babel <3.9q> and hyphenation patterns for 81 language(s) loaded.
(/usr/local/texlive/2015/texmf-dist/tex/latex/koma-script/scrreprt.cls
Document Class: scrreprt 2015/10/03 v3.19a KOMA-Script document class (report)
(/usr/local/texlive/2015/texmf-dist/tex/latex/koma-script/scrkbase.sty
Package: scrkbase 2015/10/03 v3.19a KOMA-Script package (KOMA-Script-dependent 
basics and keyval usage)

(/usr/local/texlive/2015/texmf-dist/tex/latex/koma-script/scrbase.sty
Package: scrbase 2015/10/03 v3.19a KOMA-Script package (KOMA-Script-independent
 basics and keyval usage)

(/usr/local/texlive/2015/texmf-dist/tex/latex/graphics/keyval.sty
Package: keyval 2014/10/28 v1.15 key=value parser (DPC)
\KV@toks@=\toks14
)
(/usr/local/texlive/2015/texmf-dist/tex/latex/koma-script/scrlfile.sty
Package: scrlfile 2015/10/03 v3.19a KOMA-Script package (loading files)

Package scrlfile, 2015/10/03 v3.19a KOMA-Script package (loading files)
                  Copyright (C) Markus Kohm

))) (/usr/local/texlive/2015/texmf-dist/tex/latex/koma-script/tocbasic.sty
Package: tocbasic 2015/10/03 v3.19a KOMA-Script package (handling toc-files)
)
Package tocbasic Info: omitting babel extension for `toc'
(tocbasic)             because of feature `nobabel' available
(tocbasic)             for `toc' on input line 125.
Package tocbasic Info: omitting babel extension for `lof'
(tocbasic)             because of feature `nobabel' available
(tocbasic)             for `lof' on input line 126.
Package tocbasic Info: omitting babel extension for `lot'
(tocbasic)             because of feature `nobabel' available
(tocbasic)             for `lot' on input line 127.
Package tocbasic Info: defining new hook before heading of `' on input line 158
8.
Package scrreprt Info: You've used standard option `11pt'.
(scrreprt)             This is correct!
(scrreprt)             Internally I'm using `fontsize=11pt'.
(scrreprt)             If you'd like to set the option with \KOMAoptions,
(scrreprt)             you'd have to use `fontsize=11pt' there
(scrreprt)             instead of `11pt', too.
Class scrreprt Info: File `scrsize11pt.clo' used to setup font sizes on input l
ine 2248.

(/usr/local/texlive/2015/texmf-dist/tex/latex/koma-script/scrsize11pt.clo
File: scrsize11pt.clo 2015/10/03 v3.19a KOMA-Script font size class option (11p
t)
)
(/usr/local/texlive/2015/texmf-dist/tex/latex/koma-script/typearea.sty
Package: typearea 2015/10/03 v3.19a KOMA-Script package (type area)

Package typearea, 2015/10/03 v3.19a KOMA-Script package (type area)
                  Copyright (C) Frank Neukam, 1992-1994
                  Copyright (C) Markus Kohm, 1994-

\ta@bcor=\skip41
\ta@div=\count79
\ta@hblk=\skip42
\ta@vblk=\skip43
\ta@temp=\skip44
\footheight=\skip45
Package typearea Info: These are the values describing the layout:
(typearea)             DIV  = 10
(typearea)             BCOR = 0.0pt
(typearea)             \paperwidth      = 597.50793pt
(typearea)              \textwidth      = 418.25555pt
(typearea)              DIV departure   = -6%
(typearea)              \evensidemargin = 47.2316pt
(typearea)              \oddsidemargin  = -12.5192pt
(typearea)             \paperheight     = 845.04694pt
(typearea)              \textheight     = 595.80026pt
(typearea)              \topmargin      = -25.16531pt
(typearea)              \headheight     = 17.0pt
(typearea)              \headsep        = 20.40001pt
(typearea)              \topskip        = 11.0pt
(typearea)              \footskip       = 47.6pt
(typearea)              \baselineskip   = 13.6pt
(typearea)              on input line 1509.
)
\c@part=\count80
\c@chapter=\count81
\c@section=\count82
\c@subsection=\count83
\c@subsubsection=\count84
\c@paragraph=\count85
\c@subparagraph=\count86
LaTeX Info: Redefining \textsubscript on input line 4652.
\abovecaptionskip=\skip46
\belowcaptionskip=\skip47
\c@pti@nb@sid@b@x=\box26
\c@figure=\count87
\c@table=\count88
\bibindent=\dimen102
) (/usr/local/texlive/2015/texmf-dist/tex/latex/geometry/geometry.sty
Package: geometry 2010/09/12 v5.6 Page Geometry

(/usr/local/texlive/2015/texmf-dist/tex/generic/oberdiek/ifpdf.sty
Package: ifpdf 2011/01/30 v2.3 Provides the ifpdf switch (HO)
Package ifpdf Info: pdfTeX in PDF mode is detected.
)
(/usr/local/texlive/2015/texmf-dist/tex/generic/oberdiek/ifvtex.sty
Package: ifvtex 2010/03/01 v1.5 Detect VTeX and its facilities (HO)
Package ifvtex Info: VTeX not detected.
)
(/usr/local/texlive/2015/texmf-dist/tex/generic/ifxetex/ifxetex.sty
Package: ifxetex 2010/09/12 v0.6 Provides ifxetex conditional
)
\Gm@cnth=\count89
\Gm@cntv=\count90
\c@Gm@tempcnt=\count91
\Gm@bindingoffset=\dimen103
\Gm@wd@mp=\dimen104
\Gm@odd@mp=\dimen105
\Gm@even@mp=\dimen106
\Gm@layoutwidth=\dimen107
\Gm@layoutheight=\dimen108
\Gm@layouthoffset=\dimen109
\Gm@layoutvoffset=\dimen110
\Gm@dimlist=\toks15
)
(/usr/local/texlive/2015/texmf-dist/tex/generic/babel/babel.sty
Package: babel 2016/02/24 3.9q The Babel package

(/usr/local/texlive/2015/texmf-dist/tex/generic/babel-english/english.ldf
Language: english 2012/08/20 v3.3p English support from the babel system

(/usr/local/texlive/2015/texmf-dist/tex/generic/babel/babel.def
File: babel.def 2016/02/24 3.9q Babel common definitions
\babel@savecnt=\count92
\U@D=\dimen111
)
\l@canadian = a dialect from \language\l@american 
\l@australian = a dialect from \language\l@british 
\l@newzealand = a dialect from \language\l@british 
))
(/usr/local/texlive/2015/texmf-dist/tex/latex/base/inputenc.sty
Package: inputenc 2015/03/17 v1.2c Input encoding file
\inpenc@prehook=\toks16
\inpenc@posthook=\toks17

(/usr/local/texlive/2015/texmf-dist/tex/latex/base/applemac.def
File: applemac.def 2015/03/17 v1.2c Input encoding file
))
(/usr/local/texlive/2015/texmf-dist/tex/latex/tex-gyre/tgtermes.sty
Package: tgtermes 2009/09/27 v1.2 TeX Gyre Termes as default roman family

(/usr/local/texlive/2015/texmf-dist/tex/latex/oberdiek/kvoptions.sty
Package: kvoptions 2011/06/30 v3.11 Key value format for package options (HO)

(/usr/local/texlive/2015/texmf-dist/tex/generic/oberdiek/ltxcmds.sty
Package: ltxcmds 2011/11/09 v1.22 LaTeX kernel commands for general use (HO)
)
(/usr/local/texlive/2015/texmf-dist/tex/generic/oberdiek/kvsetkeys.sty
Package: kvsetkeys 2012/04/25 v1.16 Key value parser (HO)

(/usr/local/texlive/2015/texmf-dist/tex/generic/oberdiek/infwarerr.sty
Package: infwarerr 2010/04/08 v1.3 Providing info/warning/error messages (HO)
)
(/usr/local/texlive/2015/texmf-dist/tex/generic/oberdiek/etexcmds.sty
Package: etexcmds 2011/02/16 v1.5 Avoid name clashes with e-TeX commands (HO)

(/usr/local/texlive/2015/texmf-dist/tex/generic/oberdiek/ifluatex.sty
Package: ifluatex 2010/03/01 v1.3 Provides the ifluatex switch (HO)
Package ifluatex Info: LuaTeX not detected.
)
Package etexcmds Info: Could not find \expanded.
(etexcmds)             That can mean that you are not using pdfTeX 1.50 or
(etexcmds)             that some package has redefined \expanded.
(etexcmds)             In the latter case, load this package earlier.
))))
(/usr/local/texlive/2015/texmf-dist/tex/latex/base/fontenc.sty
Package: fontenc 2005/09/27 v1.99g Standard LaTeX package

(/usr/local/texlive/2015/texmf-dist/tex/latex/base/t1enc.def
File: t1enc.def 2005/09/27 v1.99g Standard LaTeX file
LaTeX Font Info:    Redeclaring font encoding T1 on input line 48.
)
LaTeX Font Info:    Try loading font information for T1+qtm on input line 105.

(/usr/local/texlive/2015/texmf-dist/tex/latex/tex-gyre/t1qtm.fd
File: t1qtm.fd 2009/09/25 v1.2 font definition file for T1/qtm
))
(/usr/local/texlive/texmf-local/tex/latex/mtpro2/mtpro2.sty
Package: mtpro2 2009/4/27 v2.3 MathTimePro II - added arc accents MathTimePro I
I - fixed rbrace problem with straightbraces and morphedbraces options MathTime
Pro II - fix bug with z = \delimiter "026E30F widetilde{\delimiter "026E30F sum
_{x }}MathTimePro II v2 font support (PCTeX/WaS)MathTimePro II v2.1a Allowed al
ternate form of I in Math Script Fonts (MS)
\pointcount@=\count93
\prePbox@=\box27
\Pbox@=\box28
\LRbox@=\box29
\HATbox@=\box30
\TDbox@=\box31
\CHbox@=\box32
\ARCbox@=\box33
\preSbox@=\box34
\Sbox@=\box35
\SQcount@=\count94
\SQRTbox@=\box36
\UPROOT@=\count95
\LEFTROOT@=\count96
\limtype@=\count97
\xlfont@=\count98
\xlposition@=\count99
\xlposition@ii=\count100
\optype@=\count101
\x@count=\count102
\maxXLscripts@=\dimen112
)
(/usr/local/texlive/2015/texmf-dist/tex/latex/koma-script/scrlayer-scrpage.sty
Package: scrlayer-scrpage 2015/10/03 v3.19a KOMA-Script package (end user inter
face for scrlayer)

(/usr/local/texlive/2015/texmf-dist/tex/latex/koma-script/scrlayer.sty
Package: scrlayer 2015/10/03 v3.19a KOMA-Script package (defining layers and pa
ge styles)
Package scrlayer Info: Using already defined \footheight
(scrlayer)             hoping, that this is a length and
(scrlayer)             not only a macro on input line 107.
Package scrlayer Info: patching LaTeX kernel macro \pagestyle on input line 197
5.
)
Package scrlayer-scrpage Info: deactivating warning for font element
(scrlayer-scrpage)             `pagefoot' on input line 1191.
)
Package scrlayer-scrpage Info: auto-selection of `pagestyleset=KOMA-Script'.

1: section
1: chapter
1: chapter
1: section
(/usr/local/texlive/2015/texmf-dist/tex/latex/mathtools/mathtools.sty
Package: mathtools 2015/11/12 v1.18 mathematical typesetting tools

(/usr/local/texlive/2015/texmf-dist/tex/latex/tools/calc.sty
Package: calc 2014/10/28 v4.3 Infix arithmetic (KKT,FJ)
\calc@Acount=\count103
\calc@Bcount=\count104
\calc@Adimen=\dimen113
\calc@Bdimen=\dimen114
\calc@Askip=\skip48
\calc@Bskip=\skip49
LaTeX Info: Redefining \setlength on input line 80.
LaTeX Info: Redefining \addtolength on input line 81.
\calc@Ccount=\count105
\calc@Cskip=\skip50
)
(/usr/local/texlive/2015/texmf-dist/tex/latex/mathtools/mhsetup.sty
Package: mhsetup 2010/01/21 v1.2a programming setup (MH)
)
(/usr/local/texlive/2015/texmf-dist/tex/latex/amsmath/amsmath.sty
Package: amsmath 2016/03/03 v2.15a AMS math features
\@mathmargin=\skip51

For additional information on amsmath, use the `?' option.
(/usr/local/texlive/2015/texmf-dist/tex/latex/amsmath/amstext.sty
Package: amstext 2000/06/29 v2.01 AMS text

(/usr/local/texlive/2015/texmf-dist/tex/latex/amsmath/amsgen.sty
File: amsgen.sty 1999/11/30 v2.0 generic functions
\@emptytoks=\toks18
\ex@=\dimen115
))
(/usr/local/texlive/2015/texmf-dist/tex/latex/amsmath/amsbsy.sty
Package: amsbsy 1999/11/29 v1.2d Bold Symbols
\pmbraise@=\dimen116
)
(/usr/local/texlive/2015/texmf-dist/tex/latex/amsmath/amsopn.sty
Package: amsopn 1999/12/14 v2.01 operator names
)
\inf@bad=\count106
LaTeX Info: Redefining \frac on input line 199.
\uproot@=\count107
\leftroot@=\count108
LaTeX Info: Redefining \overline on input line 297.
\classnum@=\count109
\DOTSCASE@=\count110
LaTeX Info: Redefining \ldots on input line 394.
LaTeX Info: Redefining \dots on input line 397.
LaTeX Info: Redefining \cdots on input line 518.
\Mathstrutbox@=\box37
\strutbox@=\box38
\big@size=\dimen117
\macc@depth=\count111
\c@MaxMatrixCols=\count112
\dotsspace@=\muskip10
\c@parentequation=\count113
\dspbrk@lvl=\count114
\tag@help=\toks19
\row@=\count115
\column@=\count116
\maxfields@=\count117
\andhelp@=\toks20
\eqnshift@=\dimen118
\alignsep@=\dimen119
\tagshift@=\dimen120
\tagwidth@=\dimen121
\totwidth@=\dimen122
\lineht@=\dimen123
\@envbody=\toks21
\multlinegap=\skip52
\multlinetaggap=\skip53
\mathdisplay@stack=\toks22
LaTeX Info: Redefining \[ on input line 2735.
LaTeX Info: Redefining \] on input line 2736.
)
LaTeX Info: Thecontrolsequence`\('isalreadyrobust on input line 129.
LaTeX Info: Thecontrolsequence`\)'isalreadyrobust on input line 129.
LaTeX Info: Thecontrolsequence`\['isalreadyrobust on input line 129.
LaTeX Info: Thecontrolsequence`\]'isalreadyrobust on input line 129.
\g_MT_multlinerow_int=\count118
\l_MT_multwidth_dim=\dimen124
\origjot=\skip54
\l_MT_shortvdotswithinadjustabove_dim=\dimen125
\l_MT_shortvdotswithinadjustbelow_dim=\dimen126
\l_MT_above_intertext_sep=\dimen127
\l_MT_below_intertext_sep=\dimen128
\l_MT_above_shortintertext_sep=\dimen129
\l_MT_below_shortintertext_sep=\dimen130
)
(/usr/local/texlive/2015/texmf-dist/tex/latex/graphics/graphicx.sty
Package: graphicx 2014/10/28 v1.0g Enhanced LaTeX Graphics (DPC,SPQR)

(/usr/local/texlive/2015/texmf-dist/tex/latex/graphics/graphics.sty
Package: graphics 2016/01/03 v1.0q Standard LaTeX Graphics (DPC,SPQR)

(/usr/local/texlive/2015/texmf-dist/tex/latex/graphics/trig.sty
Package: trig 2016/01/03 v1.10 sin cos tan (DPC)
)
(/usr/local/texlive/2015/texmf-dist/tex/latex/latexconfig/graphics.cfg
File: graphics.cfg 2010/04/23 v1.9 graphics configuration of TeX Live
)
Package graphics Info: Driver file: pdftex.def on input line 95.

(/usr/local/texlive/2015/texmf-dist/tex/latex/pdftex-def/pdftex.def
File: pdftex.def 2011/05/27 v0.06d Graphics/color for pdfTeX
\Gread@gobject=\count119
))
\Gin@req@height=\dimen131
\Gin@req@width=\dimen132
)
(/usr/local/texlive/2015/texmf-dist/tex/latex/amscls/amsthm.sty
Package: amsthm 2015/03/04 v2.20.2
\thm@style=\toks23
\thm@bodyfont=\toks24
\thm@headfont=\toks25
\thm@notefont=\toks26
\thm@headpunct=\toks27
\thm@preskip=\skip55
\thm@postskip=\skip56
\thm@headsep=\skip57
\dth@everypar=\toks28
)
(/usr/local/texlive/2015/texmf-dist/tex/latex/amsfonts/amssymb.sty
Package: amssymb 2013/01/14 v3.01 AMS font symbols

(/usr/local/texlive/2015/texmf-dist/tex/latex/amsfonts/amsfonts.sty
Package: amsfonts 2013/01/14 v3.01 Basic AMSFonts support
\symAMSa=\mathgroup4
\symAMSb=\mathgroup5
))
(/usr/local/texlive/2015/texmf-dist/tex/latex/extarrows/extarrows.sty
Package: extarrows 2008/05/15 v1.0b Some extensible arrows
)
(/usr/local/texlive/2015/texmf-dist/tex/latex/esint/esint.sty
Package: esint 
\symlargesymbolsA=\mathgroup6
)
(/usr/local/texlive/2015/texmf-dist/tex/latex/faktor/faktor.sty
Package: faktor 2006/04/05 v0.1b Faktor-Ringe, -Gruppen, -Raeume (PE)
\faktor@zaehlerhoehe=\skip58
\faktor@nennerhoehe=\skip59
)
(/usr/local/texlive/2015/texmf-dist/tex/latex/tikz-cd/tikz-cd.sty
Package: tikz-cd 2014/10/30 v0.9e Commutative diagrams with tikz

(/usr/local/texlive/2015/texmf-dist/tex/latex/pgf/frontendlayer/tikz.sty
(/usr/local/texlive/2015/texmf-dist/tex/latex/pgf/basiclayer/pgf.sty
(/usr/local/texlive/2015/texmf-dist/tex/latex/pgf/utilities/pgfrcs.sty
(/usr/local/texlive/2015/texmf-dist/tex/generic/pgf/utilities/pgfutil-common.te
x
\pgfutil@everybye=\toks29
\pgfutil@tempdima=\dimen133
\pgfutil@tempdimb=\dimen134

(/usr/local/texlive/2015/texmf-dist/tex/generic/pgf/utilities/pgfutil-common-li
sts.tex))
(/usr/local/texlive/2015/texmf-dist/tex/generic/pgf/utilities/pgfutil-latex.def
\pgfutil@abb=\box39
(/usr/local/texlive/2015/texmf-dist/tex/latex/ms/everyshi.sty
Package: everyshi 2001/05/15 v3.00 EveryShipout Package (MS)
))
(/usr/local/texlive/2015/texmf-dist/tex/generic/pgf/utilities/pgfrcs.code.tex
Package: pgfrcs 2015/08/07 v3.0.1a (rcs-revision 1.31)
))
Package: pgf 2015/08/07 v3.0.1a (rcs-revision 1.15)
(/usr/local/texlive/2015/texmf-dist/tex/latex/pgf/basiclayer/pgfcore.sty
(/usr/local/texlive/2015/texmf-dist/tex/latex/pgf/systemlayer/pgfsys.sty
(/usr/local/texlive/2015/texmf-dist/tex/generic/pgf/systemlayer/pgfsys.code.tex
Package: pgfsys 2014/07/09 v3.0.1a (rcs-revision 1.48)
(/usr/local/texlive/2015/texmf-dist/tex/generic/pgf/utilities/pgfkeys.code.tex
\pgfkeys@pathtoks=\toks30
\pgfkeys@temptoks=\toks31

(/usr/local/texlive/2015/texmf-dist/tex/generic/pgf/utilities/pgfkeysfiltered.c
ode.tex
\pgfkeys@tmptoks=\toks32
))
\pgf@x=\dimen135
\pgf@y=\dimen136
\pgf@xa=\dimen137
\pgf@ya=\dimen138
\pgf@xb=\dimen139
\pgf@yb=\dimen140
\pgf@xc=\dimen141
\pgf@yc=\dimen142
\w@pgf@writea=\write3
\r@pgf@reada=\read1
\c@pgf@counta=\count120
\c@pgf@countb=\count121
\c@pgf@countc=\count122
\c@pgf@countd=\count123
\t@pgf@toka=\toks33
\t@pgf@tokb=\toks34
\t@pgf@tokc=\toks35

(/usr/local/texlive/2015/texmf-dist/tex/generic/pgf/systemlayer/pgf.cfg
File: pgf.cfg 2008/05/14  (rcs-revision 1.7)
)
Driver file for pgf: pgfsys-pdftex.def

(/usr/local/texlive/2015/texmf-dist/tex/generic/pgf/systemlayer/pgfsys-pdftex.d
ef
File: pgfsys-pdftex.def 2014/10/11  (rcs-revision 1.35)

(/usr/local/texlive/2015/texmf-dist/tex/generic/pgf/systemlayer/pgfsys-common-p
df.def
File: pgfsys-common-pdf.def 2013/10/10  (rcs-revision 1.13)
)))
(/usr/local/texlive/2015/texmf-dist/tex/generic/pgf/systemlayer/pgfsyssoftpath.
code.tex
File: pgfsyssoftpath.code.tex 2013/09/09  (rcs-revision 1.9)
\pgfsyssoftpath@smallbuffer@items=\count124
\pgfsyssoftpath@bigbuffer@items=\count125
)
(/usr/local/texlive/2015/texmf-dist/tex/generic/pgf/systemlayer/pgfsysprotocol.
code.tex
File: pgfsysprotocol.code.tex 2006/10/16  (rcs-revision 1.4)
)) (/usr/local/texlive/2015/texmf-dist/tex/latex/xcolor/xcolor.sty
Package: xcolor 2007/01/21 v2.11 LaTeX color extensions (UK)

(/usr/local/texlive/2015/texmf-dist/tex/latex/latexconfig/color.cfg
File: color.cfg 2007/01/18 v1.5 color configuration of teTeX/TeXLive
)
Package xcolor Info: Driver file: pdftex.def on input line 225.
Package xcolor Info: Model `cmy' substituted by `cmy0' on input line 1337.
Package xcolor Info: Model `hsb' substituted by `rgb' on input line 1341.
Package xcolor Info: Model `RGB' extended on input line 1353.
Package xcolor Info: Model `HTML' substituted by `rgb' on input line 1355.
Package xcolor Info: Model `Hsb' substituted by `hsb' on input line 1356.
Package xcolor Info: Model `tHsb' substituted by `hsb' on input line 1357.
Package xcolor Info: Model `HSB' substituted by `hsb' on input line 1358.
Package xcolor Info: Model `Gray' substituted by `gray' on input line 1359.
Package xcolor Info: Model `wave' substituted by `hsb' on input line 1360.
)
(/usr/local/texlive/2015/texmf-dist/tex/generic/pgf/basiclayer/pgfcore.code.tex
Package: pgfcore 2010/04/11 v3.0.1a (rcs-revision 1.7)
(/usr/local/texlive/2015/texmf-dist/tex/generic/pgf/math/pgfmath.code.tex
(/usr/local/texlive/2015/texmf-dist/tex/generic/pgf/math/pgfmathcalc.code.tex
(/usr/local/texlive/2015/texmf-dist/tex/generic/pgf/math/pgfmathutil.code.tex)
(/usr/local/texlive/2015/texmf-dist/tex/generic/pgf/math/pgfmathparser.code.tex
\pgfmath@dimen=\dimen143
\pgfmath@count=\count126
\pgfmath@box=\box40
\pgfmath@toks=\toks36
\pgfmath@stack@operand=\toks37
\pgfmath@stack@operation=\toks38
)
(/usr/local/texlive/2015/texmf-dist/tex/generic/pgf/math/pgfmathfunctions.code.
tex
(/usr/local/texlive/2015/texmf-dist/tex/generic/pgf/math/pgfmathfunctions.basic
.code.tex)
(/usr/local/texlive/2015/texmf-dist/tex/generic/pgf/math/pgfmathfunctions.trigo
nometric.code.tex)
(/usr/local/texlive/2015/texmf-dist/tex/generic/pgf/math/pgfmathfunctions.rando
m.code.tex)
(/usr/local/texlive/2015/texmf-dist/tex/generic/pgf/math/pgfmathfunctions.compa
rison.code.tex)
(/usr/local/texlive/2015/texmf-dist/tex/generic/pgf/math/pgfmathfunctions.base.
code.tex)
(/usr/local/texlive/2015/texmf-dist/tex/generic/pgf/math/pgfmathfunctions.round
.code.tex)
(/usr/local/texlive/2015/texmf-dist/tex/generic/pgf/math/pgfmathfunctions.misc.
code.tex)
(/usr/local/texlive/2015/texmf-dist/tex/generic/pgf/math/pgfmathfunctions.integ
erarithmetics.code.tex)))
(/usr/local/texlive/2015/texmf-dist/tex/generic/pgf/math/pgfmathfloat.code.tex
\c@pgfmathroundto@lastzeros=\count127
))
(/usr/local/texlive/2015/texmf-dist/tex/generic/pgf/basiclayer/pgfcorepoints.co
de.tex
File: pgfcorepoints.code.tex 2013/10/07  (rcs-revision 1.27)
\pgf@picminx=\dimen144
\pgf@picmaxx=\dimen145
\pgf@picminy=\dimen146
\pgf@picmaxy=\dimen147
\pgf@pathminx=\dimen148
\pgf@pathmaxx=\dimen149
\pgf@pathminy=\dimen150
\pgf@pathmaxy=\dimen151
\pgf@xx=\dimen152
\pgf@xy=\dimen153
\pgf@yx=\dimen154
\pgf@yy=\dimen155
\pgf@zx=\dimen156
\pgf@zy=\dimen157
)
(/usr/local/texlive/2015/texmf-dist/tex/generic/pgf/basiclayer/pgfcorepathconst
ruct.code.tex
File: pgfcorepathconstruct.code.tex 2013/10/07  (rcs-revision 1.29)
\pgf@path@lastx=\dimen158
\pgf@path@lasty=\dimen159
)
(/usr/local/texlive/2015/texmf-dist/tex/generic/pgf/basiclayer/pgfcorepathusage
.code.tex
File: pgfcorepathusage.code.tex 2014/11/02  (rcs-revision 1.24)
\pgf@shorten@end@additional=\dimen160
\pgf@shorten@start@additional=\dimen161
)
(/usr/local/texlive/2015/texmf-dist/tex/generic/pgf/basiclayer/pgfcorescopes.co
de.tex
File: pgfcorescopes.code.tex 2015/05/08  (rcs-revision 1.46)
\pgfpic=\box41
\pgf@hbox=\box42
\pgf@layerbox@main=\box43
\pgf@picture@serial@count=\count128
)
(/usr/local/texlive/2015/texmf-dist/tex/generic/pgf/basiclayer/pgfcoregraphicst
ate.code.tex
File: pgfcoregraphicstate.code.tex 2014/11/02  (rcs-revision 1.12)
\pgflinewidth=\dimen162
)
(/usr/local/texlive/2015/texmf-dist/tex/generic/pgf/basiclayer/pgfcoretransform
ations.code.tex
File: pgfcoretransformations.code.tex 2015/08/07  (rcs-revision 1.20)
\pgf@pt@x=\dimen163
\pgf@pt@y=\dimen164
\pgf@pt@temp=\dimen165
)
(/usr/local/texlive/2015/texmf-dist/tex/generic/pgf/basiclayer/pgfcorequick.cod
e.tex
File: pgfcorequick.code.tex 2008/10/09  (rcs-revision 1.3)
)
(/usr/local/texlive/2015/texmf-dist/tex/generic/pgf/basiclayer/pgfcoreobjects.c
ode.tex
File: pgfcoreobjects.code.tex 2006/10/11  (rcs-revision 1.2)
)
(/usr/local/texlive/2015/texmf-dist/tex/generic/pgf/basiclayer/pgfcorepathproce
ssing.code.tex
File: pgfcorepathprocessing.code.tex 2013/09/09  (rcs-revision 1.9)
)
(/usr/local/texlive/2015/texmf-dist/tex/generic/pgf/basiclayer/pgfcorearrows.co
de.tex
File: pgfcorearrows.code.tex 2015/05/14  (rcs-revision 1.43)
\pgfarrowsep=\dimen166
)
(/usr/local/texlive/2015/texmf-dist/tex/generic/pgf/basiclayer/pgfcoreshade.cod
e.tex
File: pgfcoreshade.code.tex 2013/07/15  (rcs-revision 1.15)
\pgf@max=\dimen167
\pgf@sys@shading@range@num=\count129
)
(/usr/local/texlive/2015/texmf-dist/tex/generic/pgf/basiclayer/pgfcoreimage.cod
e.tex
File: pgfcoreimage.code.tex 2013/07/15  (rcs-revision 1.18)

(/usr/local/texlive/2015/texmf-dist/tex/generic/pgf/basiclayer/pgfcoreexternal.
code.tex
File: pgfcoreexternal.code.tex 2014/07/09  (rcs-revision 1.21)
\pgfexternal@startupbox=\box44
))
(/usr/local/texlive/2015/texmf-dist/tex/generic/pgf/basiclayer/pgfcorelayers.co
de.tex
File: pgfcorelayers.code.tex 2013/07/18  (rcs-revision 1.7)
)
(/usr/local/texlive/2015/texmf-dist/tex/generic/pgf/basiclayer/pgfcoretranspare
ncy.code.tex
File: pgfcoretransparency.code.tex 2013/09/30  (rcs-revision 1.5)
)
(/usr/local/texlive/2015/texmf-dist/tex/generic/pgf/basiclayer/pgfcorepatterns.
code.tex
File: pgfcorepatterns.code.tex 2013/11/07  (rcs-revision 1.5)
)))
(/usr/local/texlive/2015/texmf-dist/tex/generic/pgf/modules/pgfmoduleshapes.cod
e.tex
File: pgfmoduleshapes.code.tex 2014/03/21  (rcs-revision 1.35)
\pgfnodeparttextbox=\box45
)
(/usr/local/texlive/2015/texmf-dist/tex/generic/pgf/modules/pgfmoduleplot.code.
tex
File: pgfmoduleplot.code.tex 2015/08/03  (rcs-revision 1.13)
)
(/usr/local/texlive/2015/texmf-dist/tex/latex/pgf/compatibility/pgfcomp-version
-0-65.sty
Package: pgfcomp-version-0-65 2007/07/03 v3.0.1a (rcs-revision 1.7)
\pgf@nodesepstart=\dimen168
\pgf@nodesepend=\dimen169
)
(/usr/local/texlive/2015/texmf-dist/tex/latex/pgf/compatibility/pgfcomp-version
-1-18.sty
Package: pgfcomp-version-1-18 2007/07/23 v3.0.1a (rcs-revision 1.1)
))
(/usr/local/texlive/2015/texmf-dist/tex/latex/pgf/utilities/pgffor.sty
(/usr/local/texlive/2015/texmf-dist/tex/latex/pgf/utilities/pgfkeys.sty
(/usr/local/texlive/2015/texmf-dist/tex/generic/pgf/utilities/pgfkeys.code.tex)
) (/usr/local/texlive/2015/texmf-dist/tex/latex/pgf/math/pgfmath.sty
(/usr/local/texlive/2015/texmf-dist/tex/generic/pgf/math/pgfmath.code.tex))
(/usr/local/texlive/2015/texmf-dist/tex/generic/pgf/utilities/pgffor.code.tex
Package: pgffor 2013/12/13 v3.0.1a (rcs-revision 1.25)

(/usr/local/texlive/2015/texmf-dist/tex/generic/pgf/math/pgfmath.code.tex)
\pgffor@iter=\dimen170
\pgffor@skip=\dimen171
\pgffor@stack=\toks39
\pgffor@toks=\toks40
))
(/usr/local/texlive/2015/texmf-dist/tex/generic/pgf/frontendlayer/tikz/tikz.cod
e.tex
Package: tikz 2015/08/07 v3.0.1a (rcs-revision 1.151)

(/usr/local/texlive/2015/texmf-dist/tex/generic/pgf/libraries/pgflibraryplothan
dlers.code.tex
File: pgflibraryplothandlers.code.tex 2013/08/31 v3.0.1a (rcs-revision 1.20)
\pgf@plot@mark@count=\count130
\pgfplotmarksize=\dimen172
)
\tikz@lastx=\dimen173
\tikz@lasty=\dimen174
\tikz@lastxsaved=\dimen175
\tikz@lastysaved=\dimen176
\tikzleveldistance=\dimen177
\tikzsiblingdistance=\dimen178
\tikz@figbox=\box46
\tikz@figbox@bg=\box47
\tikz@tempbox=\box48
\tikz@tempbox@bg=\box49
\tikztreelevel=\count131
\tikznumberofchildren=\count132
\tikznumberofcurrentchild=\count133
\tikz@fig@count=\count134

(/usr/local/texlive/2015/texmf-dist/tex/generic/pgf/modules/pgfmodulematrix.cod
e.tex
File: pgfmodulematrix.code.tex 2013/09/17  (rcs-revision 1.8)
\pgfmatrixcurrentrow=\count135
\pgfmatrixcurrentcolumn=\count136
\pgf@matrix@numberofcolumns=\count137
)
\tikz@expandcount=\count138

(/usr/local/texlive/2015/texmf-dist/tex/generic/pgf/frontendlayer/tikz/librarie
s/tikzlibrarytopaths.code.tex
File: tikzlibrarytopaths.code.tex 2008/06/17 v3.0.1a (rcs-revision 1.2)
)))
(/usr/local/texlive/2015/texmf-dist/tex/generic/tikz-cd/tikzlibrarycd.code.tex
(/usr/local/texlive/2015/texmf-dist/tex/generic/pgf/frontendlayer/tikz/librarie
s/tikzlibrarymatrix.code.tex
File: tikzlibrarymatrix.code.tex 2013/07/12 v3.0.1a (rcs-revision 1.4)
)
(/usr/local/texlive/2015/texmf-dist/tex/generic/pgf/frontendlayer/tikz/librarie
s/tikzlibraryquotes.code.tex
File: tikzlibraryquotes.code.tex 2014/03/21 v3.0.1a (rcs-revision 1.4)
)
(/usr/local/texlive/2015/texmf-dist/tex/generic/pgf/libraries/pgflibraryarrows.
meta.code.tex
File: pgflibraryarrows.meta.code.tex 2015/05/13 v3.0.1a (rcs-revision 1.13)
\pgfarrowinset=\dimen179
\pgfarrowlength=\dimen180
\pgfarrowwidth=\dimen181
\pgfarrowlinewidth=\dimen182
)))
(/usr/local/texlive/2015/texmf-dist/tex/latex/commath/commath.sty
(/usr/local/texlive/2015/texmf-dist/tex/latex/base/ifthen.sty
Package: ifthen 2014/09/29 v1.1c Standard LaTeX ifthen package (DPC)
))
(/usr/local/texlive/2015/texmf-dist/tex/latex/enumitem/enumitem.sty
Package: enumitem 2011/09/28 v3.5.2 Customized lists
\labelindent=\skip60
\enit@outerparindent=\dimen183
\enit@toks=\toks41
\enit@inbox=\box50
\enitdp@description=\count139
)
(/usr/local/texlive/2015/texmf-dist/tex/latex/nomencl/nomencl.sty
Package: nomencl 2005/09/22 v4.2 Nomenclature package (LN)
\nomlabelwidth=\dimen184
\nom@tempdim=\dimen185
\nomitemsep=\skip61
)

Class scrreprt Warning: Usage of package `titlesec' together
(scrreprt)              with a KOMA-Script class is not recommended.
(scrreprt)              I'd suggest to use the package only
(scrreprt)              if you really need it, because it breaks several
(scrreprt)              KOMA-Script features, i.e., option `headings' and
(scrreprt)              the extended optional argument of the section
(scrreprt)              commands.
(scrreprt)              Nevertheless, using requested
(scrreprt)              package `titlesec' on input line 25.

(/usr/local/texlive/2015/texmf-dist/tex/latex/titlesec/titlesec.sty
Package: titlesec 2011/12/15 v2.10.0 Sectioning titles
\ttl@box=\box51
\beforetitleunit=\skip62
\aftertitleunit=\skip63
\ttl@plus=\dimen186
\ttl@minus=\dimen187
\ttl@toksa=\toks42
\titlewidth=\dimen188
\titlewidthlast=\dimen189
\titlewidthfirst=\dimen190


Package titlesec Warning: Non standard sectioning command detected
(titlesec)                Using default spacing and no format.


Package titlesec Warning: Non standard sectioning command detected
(titlesec)                Using default spacing and no format.


Package titlesec Warning: Non standard sectioning command detected
(titlesec)                Using default spacing and no format.


Package titlesec Warning: Non standard sectioning command detected
(titlesec)                Using default spacing and no format.


Package titlesec Warning: Non standard sectioning command detected
(titlesec)                Using default spacing and no format.

)

Package scrreprt Warning: Activating an ugly workaround for a missing
(scrreprt)                feature of package `titlesec` on input line 25.

(/usr/local/texlive/2015/texmf-dist/tex/latex/blindtext/blindtext.sty
Package: blindtext 2012/01/06 V2.0 blindtext-Package

(/usr/local/texlive/2015/texmf-dist/tex/latex/tools/xspace.sty
Package: xspace 2014/10/28 v1.13 Space after command names (DPC,MH)
)
\c@blindtext=\count140
\c@Blindtext=\count141
\c@blind@countparstart=\count142
\blind@countxx=\count143
\blindtext@numBlindtext=\count144
\blind@countyy=\count145
\c@blindlist=\count146
\c@blindlistlevel=\count147
\c@blindlist@level=\count148
\blind@listitem=\count149
\c@blind@listcount=\count150
\c@blind@levelcount=\count151
\blind@mathformula=\count152
\blind@Mathformula=\count153
\c@blind@randomcount=\count154
\c@blind@randommax=\count155
\c@blind@pangramcount=\count156
\c@blind@pangrammax=\count157
)
(/usr/local/texlive/2015/texmf-dist/tex/latex/tocloft/tocloft.sty
Package: tocloft 2013/05/02 v2.3f parameterised ToC, etc., typesetting
Package tocloft Info: The document has chapter divisions on input line 44.
\cftparskip=\skip64
\cftbeforetoctitleskip=\skip65
\cftaftertoctitleskip=\skip66
\cftbeforepartskip=\skip67
\cftpartnumwidth=\skip68
\cftpartindent=\skip69
\cftbeforechapskip=\skip70
\cftchapindent=\skip71
\cftchapnumwidth=\skip72
\cftbeforesecskip=\skip73
\cftsecindent=\skip74
\cftsecnumwidth=\skip75
\cftbeforesubsecskip=\skip76
\cftsubsecindent=\skip77
\cftsubsecnumwidth=\skip78
\cftbeforesubsubsecskip=\skip79
\cftsubsubsecindent=\skip80
\cftsubsubsecnumwidth=\skip81
\cftbeforeparaskip=\skip82
\cftparaindent=\skip83
\cftparanumwidth=\skip84
\cftbeforesubparaskip=\skip85
\cftsubparaindent=\skip86
\cftsubparanumwidth=\skip87
\cftbeforeloftitleskip=\skip88
\cftafterloftitleskip=\skip89
\cftbeforefigskip=\skip90
\cftfigindent=\skip91
\cftfignumwidth=\skip92
\c@lofdepth=\count158
\c@lotdepth=\count159
\cftbeforelottitleskip=\skip93
\cftafterlottitleskip=\skip94
\cftbeforetabskip=\skip95
\cfttabindent=\skip96
\cfttabnumwidth=\skip97
)
(/usr/local/texlive/2015/texmf-dist/tex/latex/todonotes/todonotes.sty
Package: todonotes 2015/07/09 .dtx Todonotes source and documentation.
Package: todonotes 2012/07/25

(/usr/local/texlive/2015/texmf-dist/tex/latex/xkeyval/xkeyval.sty
Package: xkeyval 2014/12/03 v2.7a package option processing (HA)

(/usr/local/texlive/2015/texmf-dist/tex/generic/xkeyval/xkeyval.tex
(/usr/local/texlive/2015/texmf-dist/tex/generic/xkeyval/xkvutils.tex
\XKV@toks=\toks43
\XKV@tempa@toks=\toks44
)
\XKV@depth=\count160
File: xkeyval.tex 2014/12/03 v2.7a key=value parser (HA)
))
(/usr/local/texlive/2015/texmf-dist/tex/generic/pgf/frontendlayer/tikz/librarie
s/tikzlibrarypositioning.code.tex
File: tikzlibrarypositioning.code.tex 2008/10/06 v3.0.1a (rcs-revision 1.7)
)
\c@@todonotes@numberoftodonotes=\count161
)
(/usr/local/texlive/2015/texmf-dist/tex/latex/listings/listings.sty
\lst@mode=\count162
\lst@gtempboxa=\box52
\lst@token=\toks45
\lst@length=\count163
\lst@currlwidth=\dimen191
\lst@column=\count164
\lst@pos=\count165
\lst@lostspace=\dimen192
\lst@width=\dimen193
\lst@newlines=\count166
\lst@lineno=\count167
\lst@maxwidth=\dimen194

(/usr/local/texlive/2015/texmf-dist/tex/latex/listings/lstmisc.sty
File: lstmisc.sty 2015/06/04 1.6 (Carsten Heinz)
\c@lstnumber=\count168
\lst@skipnumbers=\count169
\lst@framebox=\box53
)
(/usr/local/texlive/2015/texmf-dist/tex/latex/listings/listings.cfg
File: listings.cfg 2015/06/04 1.6 listings configuration
))
Package: listings 2015/06/04 1.6 (Carsten Heinz)

(/usr/local/texlive/2015/texmf-dist/tex/latex/siunitx/siunitx.sty
(/usr/local/texlive/2015/texmf-dist/tex/latex/l3kernel/expl3.sty
Package: expl3 2016/01/19 v6377 L3 programming layer (loader) 

(/usr/local/texlive/2015/texmf-dist/tex/latex/l3kernel/expl3-code.tex
Package: expl3 2016/01/19 v6377 L3 programming layer (code)
L3 Module: l3bootstrap 2016/01/01 v6339 L3 Bootstrap code
L3 Module: l3names 2015/12/21 v6328 L3 Namespace for primitives
L3 Module: l3basics 2015/11/22 v6315 L3 Basic definitions
L3 Module: l3expan 2015/09/10 v5983 L3 Argument expansion
L3 Module: l3tl 2015/09/29 v6121 L3 Token lists
L3 Module: l3str 2016/01/03 v6357 L3 Strings
L3 Module: l3seq 2015/08/05 v5777 L3 Sequences and stacks
L3 Module: l3int 2016/01/05 v6366 L3 Integers
\c_max_int=\count170
\l_tmpa_int=\count171
\l_tmpb_int=\count172
\g_tmpa_int=\count173
\g_tmpb_int=\count174
L3 Module: l3quark 2015/08/17 v5855 L3 Quarks
L3 Module: l3prg 2015/11/01 v6216 L3 Control structures
\g__prg_map_int=\count175
L3 Module: l3clist 2015/09/02 v5901 L3 Comma separated lists
L3 Module: l3token 2015/11/11 v6249 L3 Experimental token manipulation
L3 Module: l3prop 2016/01/05 v6366 L3 Property lists
L3 Module: l3msg 2015/09/28 v6113 L3 Messages
L3 Module: l3file 2015/12/03 v6317 L3 File and I/O operations
\l_iow_line_count_int=\count176
\l__iow_target_count_int=\count177
\l__iow_current_line_int=\count178
\l__iow_current_word_int=\count179
\l__iow_current_indentation_int=\count180
L3 Module: l3skip 2016/01/05 v6366 L3 Dimensions and skips
\c_zero_dim=\dimen195
\c_max_dim=\dimen196
\l_tmpa_dim=\dimen197
\l_tmpb_dim=\dimen198
\g_tmpa_dim=\dimen199
\g_tmpb_dim=\dimen256
\c_zero_skip=\skip98
\c_max_skip=\skip99
\l_tmpa_skip=\skip100
\l_tmpb_skip=\skip101
\g_tmpa_skip=\skip102
\g_tmpb_skip=\skip103
\c_zero_muskip=\muskip11
\c_max_muskip=\muskip12
\l_tmpa_muskip=\muskip13
\l_tmpb_muskip=\muskip14
\g_tmpa_muskip=\muskip15
\g_tmpb_muskip=\muskip16
L3 Module: l3keys 2015/11/17 v6284 L3 Key-value interfaces
\g__keyval_level_int=\count181
\l_keys_choice_int=\count182
L3 Module: l3fp 2015/08/25 v5890 L3 Floating points
\c__fp_leading_shift_int=\count183
\c__fp_middle_shift_int=\count184
\c__fp_trailing_shift_int=\count185
\c__fp_big_leading_shift_int=\count186
\c__fp_big_middle_shift_int=\count187
\c__fp_big_trailing_shift_int=\count188
\c__fp_Bigg_leading_shift_int=\count189
\c__fp_Bigg_middle_shift_int=\count190
\c__fp_Bigg_trailing_shift_int=\count191
L3 Module: l3box 2015/08/09 v5822 L3 Experimental boxes
\c_empty_box=\box54
\l_tmpa_box=\box55
\l_tmpb_box=\box56
\g_tmpa_box=\box57
\g_tmpb_box=\box58
L3 Module: l3coffins 2015/08/06 v5789 L3 Coffin code layer
\l__coffin_internal_box=\box59
\l__coffin_internal_dim=\dimen257
\l__coffin_offset_x_dim=\dimen258
\l__coffin_offset_y_dim=\dimen259
\l__coffin_x_dim=\dimen260
\l__coffin_y_dim=\dimen261
\l__coffin_x_prime_dim=\dimen262
\l__coffin_y_prime_dim=\dimen263
\c_empty_coffin=\box60
\l__coffin_aligned_coffin=\box61
\l__coffin_aligned_internal_coffin=\box62
\l_tmpa_coffin=\box63
\l_tmpb_coffin=\box64
\l__coffin_display_coffin=\box65
\l__coffin_display_coord_coffin=\box66
\l__coffin_display_pole_coffin=\box67
\l__coffin_display_offset_dim=\dimen264
\l__coffin_display_x_dim=\dimen265
\l__coffin_display_y_dim=\dimen266
L3 Module: l3color 2014/08/23 v5354 L3 Experimental color support
L3 Module: l3sys 2015/09/25 v6087 L3 Experimental system/runtime functions
L3 Module: l3candidates 2016/01/14 v6376 L3 Experimental additions to l3kernel
\l__box_top_dim=\dimen267
\l__box_bottom_dim=\dimen268
\l__box_left_dim=\dimen269
\l__box_right_dim=\dimen270
\l__box_top_new_dim=\dimen271
\l__box_bottom_new_dim=\dimen272
\l__box_left_new_dim=\dimen273
\l__box_right_new_dim=\dimen274
\l__box_internal_box=\box68
\l__coffin_bounding_shift_dim=\dimen275
\l__coffin_left_corner_dim=\dimen276
\l__coffin_right_corner_dim=\dimen277
\l__coffin_bottom_corner_dim=\dimen278
\l__coffin_top_corner_dim=\dimen279
\l__coffin_scaled_total_height_dim=\dimen280
\l__coffin_scaled_width_dim=\dimen281
L3 Module: l3luatex 2015/11/11 v6250 L3 Experimental LuaTeX-specific functions
)
(/usr/local/texlive/2015/texmf-dist/tex/latex/l3kernel/l3pdfmode.def
File: l3pdfmode.def 2015/11/11 v6250 L3 Experimental driver: PDF mode
\l__driver_color_stack_int=\count192
))
(/usr/local/texlive/2015/texmf-dist/tex/latex/l3packages/xparse/xparse.sty
Package: xparse 2016/01/19 v6377 L3 Experimental document command parser
\l__xparse_current_arg_int=\count193
\l__xparse_m_args_int=\count194
\l__xparse_mandatory_args_int=\count195
\l__xparse_processor_int=\count196
\l__xparse_v_nesting_int=\count197
)
Package: siunitx 2016/03/01 v2.6q A comprehensive (SI) units package

(/usr/local/texlive/2015/texmf-dist/tex/latex/tools/array.sty
Package: array 2014/10/28 v2.4c Tabular extension package (FMi)
\col@sep=\dimen282
\extrarowheight=\dimen283
\NC@list=\toks46
\extratabsurround=\skip104
\backup@length=\skip105
)
(/usr/local/texlive/2015/texmf-dist/tex/latex/l3packages/l3keys2e/l3keys2e.sty
Package: l3keys2e 2016/01/19 v6377 LaTeX2e option processing using LaTeX3 keys
)
\l__siunitx_tmp_box=\box69
\l__siunitx_tmp_dim=\dimen284
\l__siunitx_tmp_int=\count198
\l__siunitx_number_mantissa_length_int=\count199
\l__siunitx_number_uncert_length_int=\count266
\l__siunitx_round_int=\count267
\l__siunitx_process_decimal_int=\count268
\l__siunitx_process_uncertainty_int=\count269
\l__siunitx_process_fixed_int=\count270
\l__siunitx_process_integer_min_int=\count271
\l__siunitx_process_precision_int=\count272
\l__siunitx_group_min_int=\count273
\l__siunitx_angle_marker_box=\box70
\l__siunitx_angle_unit_box=\box71
\l__siunitx_angle_marker_dim=\dimen285
\l__siunitx_angle_unit_dim=\dimen286
\l__siunitx_unit_int=\count274
\l__siunitx_unit_denominator_int=\count275
\l__siunitx_unit_numerator_int=\count276
\l__siunitx_unit_prefix_int=\count277
\l__siunitx_unit_prefix_base_int=\count278
\l__siunitx_unit_prefix_gram_int=\count279
\l__siunitx_number_product_int=\count280
\c__siunitx_one_fill_skip=\skip106
\l__siunitx_table_unit_align_skip=\skip107
\l__siunitx_table_exponent_dim=\dimen287
\l__siunitx_table_integer_dim=\dimen288
\l__siunitx_table_mantissa_dim=\dimen289
\l__siunitx_table_marker_dim=\dimen290
\l__siunitx_table_result_dim=\dimen291
\l__siunitx_table_uncert_dim=\dimen292
\l__siunitx_table_fill_pre_dim=\dimen293
\l__siunitx_table_fill_post_dim=\dimen294
\l__siunitx_table_fill_mid_dim=\dimen295
\l__siunitx_table_pre_box=\box72
\l__siunitx_table_post_box=\box73
\l__siunitx_table_mantissa_box=\box74
\l__siunitx_table_result_box=\box75
\l__siunitx_table_number_align_skip=\skip108
\l__siunitx_table_text_align_skip=\skip109
.................................................
. LaTeX info: "xparse/define-command"
. 
. Defining command \DeclareBinaryPrefix with sig. 'mmm' on line 7218.
.................................................
.................................................
. LaTeX info: "xparse/define-command"
. 
. Defining command \DeclareSIPostPower with sig. 'mm' on line 7221.
.................................................
.................................................
. LaTeX info: "xparse/define-command"
. 
. Defining command \DeclareSIPrefix with sig. 'mmm' on line 7224.
.................................................
.................................................
. LaTeX info: "xparse/define-command"
. 
. Defining command \DeclareSIPrePower with sig. 'mm' on line 7227.
.................................................
.................................................
. LaTeX info: "xparse/define-command"
. 
. Defining command \DeclareSIQualifier with sig. 'mm' on line 7230.
.................................................
.................................................
. LaTeX info: "xparse/define-command"
. 
. Defining command \DeclareSIUnit with sig. 'O{}mm' on line 7233.
.................................................
.................................................
. LaTeX info: "xparse/define-command"
. 
. Defining command \DeclareSIUnitWithOptions with sig. 'mmm' on line 7236.
.................................................
.................................................
. LaTeX info: "xparse/define-command"
. 
. Defining command \ang with sig. 'o>{\SplitArgument {2}{;}}m' on line 7251.
.................................................
.................................................
. LaTeX info: "xparse/define-command"
. 
. Defining command \num with sig. 'om' on line 7260.
.................................................
.................................................
. LaTeX info: "xparse/define-command"
. 
. Defining command \numlist with sig. 'o>{\SplitList {;}}m' on line 7269.
.................................................
.................................................
. LaTeX info: "xparse/define-command"
. 
. Defining command \numrange with sig. 'omm' on line 7278.
.................................................
.................................................
. LaTeX info: "xparse/define-command"
. 
. Defining command \SIlist with sig. 'o>{\SplitList {;}}mm' on line 7290.
.................................................
.................................................
. LaTeX info: "xparse/define-command"
. 
. Defining command \SIrange with sig. 'ommm' on line 7302.
.................................................
.................................................
. LaTeX info: "xparse/define-command"
. 
. Defining command \SI with sig. 'omom' on line 7314.
.................................................
.................................................
. LaTeX info: "xparse/define-command"
. 
. Defining command \sisetup with sig. 'm' on line 7317.
.................................................
.................................................
. LaTeX info: "xparse/define-command"
. 
. Defining command \tablenum with sig. 'om' on line 7332.
.................................................
.................................................
. LaTeX info: "xparse/define-command"
. 
. Defining command \si with sig. 'om' on line 7344.
.................................................
.................................................
. LaTeX info: "xparse/define-command"
. 
. Defining command \__siunitx_bookmark_num:w with sig. 'om' on line 7391.
.................................................
.................................................
. LaTeX info: "xparse/define-command"
. 
. Defining command \__siunitx_bookmark_numrange:w with sig. 'omm' on line
. 7393.
.................................................
.................................................
. LaTeX info: "xparse/define-command"
. 
. Defining command \__siunitx_bookmark_SI:w with sig. 'omom' on line 7395.
.................................................
.................................................
. LaTeX info: "xparse/define-command"
. 
. Defining command \__siunitx_bookmark_SIlist:w with sig. 'omm' on line 7397.
.................................................
.................................................
. LaTeX info: "xparse/define-command"
. 
. Defining command \__siunitx_bookmark_SIrange:w with sig. 'ommm' on line
. 7399.
.................................................
.................................................
. LaTeX info: "xparse/define-command"
. 
. Defining command \__siunitx_bookmark_si:w with sig. 'om' on line 7400.
.................................................
\g__file_internal_ior=\read2
(/usr/local/texlive/2015/texmf-dist/tex/latex/beamer/translator/translator.sty
Package: translator 2010/06/12 ver 1.10

(/usr/local/texlive/2015/texmf-dist/tex/latex/beamer/translator/translator-lang
uage-mappings.tex)))
(/usr/local/texlive/2015/texmf-dist/tex/latex/doublestroke/dsfont.sty
Package: dsfont 1995/08/01 v0.1 Double stroke roman fonts
)
(/usr/local/texlive/2015/texmf-dist/tex/latex/algorithmicx/algpseudocode.sty
Package: algpseudocode 

(/usr/local/texlive/2015/texmf-dist/tex/latex/algorithmicx/algorithmicx.sty
Package: algorithmicx 2005/04/27 v1.2 Algorithmicx

Document Style algorithmicx 1.2 - a greatly improved `algorithmic' style
\c@ALG@line=\count281
\c@ALG@rem=\count282
\c@ALG@nested=\count283
\ALG@tlm=\skip110
\ALG@thistlm=\skip111
\c@ALG@Lnr=\count284
\c@ALG@blocknr=\count285
\c@ALG@storecount=\count286
\c@ALG@tmpcounter=\count287
\ALG@tmplength=\skip112
)
Document Style - pseudocode environments for use with the `algorithmicx' style
) (/usr/local/texlive/2015/texmf-dist/tex/latex/algorithms/algorithm.sty
Package: algorithm 2009/08/24 v0.1 Document Style `algorithm' - floating enviro
nment

(/usr/local/texlive/2015/texmf-dist/tex/latex/float/float.sty
Package: float 2001/11/08 v1.3d Float enhancements (AL)
\c@float@type=\count288
\float@exts=\toks47
\float@box=\box76
\@float@everytoks=\toks48
\@floatcapt=\box77
)
\@float@every@algorithm=\toks49
\c@algorithm=\count289
)
\@nomenclaturefile=\write4
\openout4 = `MSc-thesis.nlo'.


Writing nomenclature file MSc-thesis.nlo
(/usr/local/texlive/2015/texmf-dist/tex/latex/hyperref/hyperref.sty
Package: hyperref 2012/11/06 v6.83m Hypertext links for LaTeX

(/usr/local/texlive/2015/texmf-dist/tex/generic/oberdiek/hobsub-hyperref.sty
Package: hobsub-hyperref 2012/05/28 v1.13 Bundle oberdiek, subset hyperref (HO)


(/usr/local/texlive/2015/texmf-dist/tex/generic/oberdiek/hobsub-generic.sty
Package: hobsub-generic 2012/05/28 v1.13 Bundle oberdiek, subset generic (HO)
Package: hobsub 2012/05/28 v1.13 Construct package bundles (HO)
Package hobsub Info: Skipping package `infwarerr' (already loaded).
Package hobsub Info: Skipping package `ltxcmds' (already loaded).
Package hobsub Info: Skipping package `ifluatex' (already loaded).
Package hobsub Info: Skipping package `ifvtex' (already loaded).
Package: intcalc 2007/09/27 v1.1 Expandable calculations with integers (HO)
Package hobsub Info: Skipping package `ifpdf' (already loaded).
Package hobsub Info: Skipping package `etexcmds' (already loaded).
Package hobsub Info: Skipping package `kvsetkeys' (already loaded).
Package: kvdefinekeys 2011/04/07 v1.3 Define keys (HO)
Package: pdftexcmds 2011/11/29 v0.20 Utility functions of pdfTeX for LuaTeX (HO
)
Package pdftexcmds Info: LuaTeX not detected.
Package pdftexcmds Info: \pdf@primitive is available.
Package pdftexcmds Info: \pdf@ifprimitive is available.
Package pdftexcmds Info: \pdfdraftmode found.
Package: pdfescape 2011/11/25 v1.13 Implements pdfTeX's escape features (HO)
Package: bigintcalc 2012/04/08 v1.3 Expandable calculations on big integers (HO
)
Package: bitset 2011/01/30 v1.1 Handle bit-vector datatype (HO)
Package: uniquecounter 2011/01/30 v1.2 Provide unlimited unique counter (HO)
)
Package hobsub Info: Skipping package `hobsub' (already loaded).
Package: letltxmacro 2010/09/02 v1.4 Let assignment for LaTeX macros (HO)
Package: hopatch 2012/05/28 v1.2 Wrapper for package hooks (HO)
Package: xcolor-patch 2011/01/30 xcolor patch
Package: atveryend 2011/06/30 v1.8 Hooks at the very end of document (HO)
Package atveryend Info: \enddocument detected (standard20110627).
Package: atbegshi 2011/10/05 v1.16 At begin shipout hook (HO)
Package: refcount 2011/10/16 v3.4 Data extraction from label references (HO)
Package: hycolor 2011/01/30 v1.7 Color options for hyperref/bookmark (HO)
)
(/usr/local/texlive/2015/texmf-dist/tex/latex/oberdiek/auxhook.sty
Package: auxhook 2011/03/04 v1.3 Hooks for auxiliary files (HO)
)
\@linkdim=\dimen296
\Hy@linkcounter=\count290
\Hy@pagecounter=\count291

(/usr/local/texlive/2015/texmf-dist/tex/latex/hyperref/pd1enc.def
File: pd1enc.def 2012/11/06 v6.83m Hyperref: PDFDocEncoding definition (HO)
)
\Hy@SavedSpaceFactor=\count292

(/usr/local/texlive/2015/texmf-dist/tex/latex/latexconfig/hyperref.cfg
File: hyperref.cfg 2002/06/06 v1.2 hyperref configuration of TeXLive
)
Package hyperref Info: Option `plainpages' set `false' on input line 4319.
Package hyperref Info: Hyper figures OFF on input line 4443.
Package hyperref Info: Link nesting OFF on input line 4448.
Package hyperref Info: Hyper index ON on input line 4451.
Package hyperref Info: Plain pages OFF on input line 4458.
Package hyperref Info: Backreferencing OFF on input line 4463.
Package hyperref Info: Implicit mode ON; LaTeX internals redefined.
Package hyperref Info: Bookmarks ON on input line 4688.
\c@Hy@tempcnt=\count293

(/usr/local/texlive/2015/texmf-dist/tex/latex/url/url.sty
\Urlmuskip=\muskip17
Package: url 2013/09/16  ver 3.4  Verb mode for urls, etc.
)
LaTeX Info: Redefining \url on input line 5041.
\XeTeXLinkMargin=\dimen297
\Fld@menulength=\count294
\Field@Width=\dimen298
\Fld@charsize=\dimen299
Package hyperref Info: Hyper figures OFF on input line 6295.
Package hyperref Info: Link nesting OFF on input line 6300.
Package hyperref Info: Hyper index ON on input line 6303.
Package hyperref Info: backreferencing OFF on input line 6310.
Package hyperref Info: Link coloring OFF on input line 6315.
Package hyperref Info: Link coloring with OCG OFF on input line 6320.
Package hyperref Info: PDF/A mode OFF on input line 6325.
LaTeX Info: Redefining \ref on input line 6365.
LaTeX Info: Redefining \pageref on input line 6369.
\Hy@abspage=\count295
\c@Item=\count296
\c@Hfootnote=\count297
)

Package hyperref Message: Driver: hpdftex.

(/usr/local/texlive/2015/texmf-dist/tex/latex/hyperref/hpdftex.def
File: hpdftex.def 2012/11/06 v6.83m Hyperref driver for pdfTeX
\Fld@listcount=\count298
\c@bookmark@seq@number=\count299

(/usr/local/texlive/2015/texmf-dist/tex/latex/oberdiek/rerunfilecheck.sty
Package: rerunfilecheck 2011/04/15 v1.7 Rerun checks for auxiliary files (HO)
Package uniquecounter Info: New unique counter `rerunfilecheck' on input line 2
82.
)
\Hy@SectionHShift=\skip113
)
(./MSc-thesis.aux (./nomenclature.aux))
\openout1 = `MSc-thesis.aux'.


*geometry* driver: auto-detecting
*geometry* detected driver: pdftex
*geometry* verbose mode - [ preamble ] result:
* driver: pdftex
* paper: <default>
* layout: <same size as paper>
* layoutoffset:(h,v)=(0.0pt,0.0pt)
* modes: twoside 
* h-part:(L,W,R)=(71.70166pt, 418.25372pt, 107.55255pt)
* v-part:(T,H,B)=(101.40665pt, 644.05565pt, 99.58464pt)
* \paperwidth=597.50793pt
* \paperheight=845.04694pt
* \textwidth=418.25372pt
* \textheight=644.05565pt
* \oddsidemargin=-0.56833pt
* \evensidemargin=35.28256pt
* \topmargin=-8.26335pt
* \headheight=17.0pt
* \headsep=20.40001pt
* \topskip=11.0pt
* \footskip=47.6pt
* \marginparwidth=89.62619pt
* \marginparsep=12.8401pt
* \columnsep=10.0pt
* \skip\footins=10.0pt plus 4.0pt minus 2.0pt
* \hoffset=0.0pt
* \voffset=0.0pt
* \mag=1000
* \@twocolumnfalse
* \@twosidetrue
* \@mparswitchtrue
* \@reversemarginfalse
* (1in=72.27pt=25.4mm, 1cm=28.453pt)


Package scrlayer-scrpage Warning: Very small head height detected!
(scrlayer-scrpage)                Using scrlayer-scrpage the head height
(scrlayer-scrpage)                should be at least \baselineskip, which is
(scrlayer-scrpage)                17.68004pt currently.
(scrlayer-scrpage)                But head height is currently 17.0pt only.
(scrlayer-scrpage)                You may use
(scrlayer-scrpage)                geometry option `head=17.68004pt'
(scrlayer-scrpage)                to avoid this warning.

(/usr/local/texlive/2015/texmf-dist/tex/context/base/supp-pdf.mkii
[Loading MPS to PDF converter (version 2006.09.02).]
\scratchcounter=\count300
\scratchdimen=\dimen300
\scratchbox=\box78
\nofMPsegments=\count301
\nofMParguments=\count302
\everyMPshowfont=\toks50
\MPscratchCnt=\count303
\MPscratchDim=\dimen301
\MPnumerator=\count304
\makeMPintoPDFobject=\count305
\everyMPtoPDFconversion=\toks51
) (/usr/local/texlive/2015/texmf-dist/tex/latex/oberdiek/epstopdf-base.sty
Package: epstopdf-base 2010/02/09 v2.5 Base part for package epstopdf

(/usr/local/texlive/2015/texmf-dist/tex/latex/oberdiek/grfext.sty
Package: grfext 2010/08/19 v1.1 Manage graphics extensions (HO)
)
Package grfext Info: Graphics extension search list:
(grfext)             [.png,.pdf,.jpg,.mps,.jpeg,.jbig2,.jb2,.PNG,.PDF,.JPG,.JPE
G,.JBIG2,.JB2,.eps]
(grfext)             \AppendGraphicsExtensions on input line 452.

(/usr/local/texlive/2015/texmf-dist/tex/latex/latexconfig/epstopdf-sys.cfg
File: epstopdf-sys.cfg 2010/07/13 v1.3 Configuration of (r)epstopdf for TeX Liv
e
))
ABD: EveryShipout initializing macros
\c@lstlisting=\count306

(/usr/local/texlive/2015/texmf-dist/tex/latex/beamer/translator/dicts/translato
r-basic-dictionary/translator-basic-dictionary-English.dict
Dictionary: translator-basic-dictionary, Language: English 
)
(/usr/local/texlive/2015/texmf-dist/tex/latex/siunitx/siunitx-abbreviations.cfg
File: siunitx-abbreviations.cfg 2016/03/01 v2.6q siunitx: Abbreviated units
)
\AtBeginShipoutBox=\box79
Package hyperref Info: Link coloring OFF on input line 51.
 (/usr/local/texlive/2015/texmf-dist/tex/latex/hyperref/nameref.sty
Package: nameref 2012/10/27 v2.43 Cross-referencing by name of section

(/usr/local/texlive/2015/texmf-dist/tex/generic/oberdiek/gettitlestring.sty
Package: gettitlestring 2010/12/03 v1.4 Cleanup title references (HO)
)
\c@section@level=\count307
)
LaTeX Info: Redefining \ref on input line 51.
LaTeX Info: Redefining \pageref on input line 51.
LaTeX Info: Redefining \nameref on input line 51.

(./MSc-thesis.out) (./MSc-thesis.out)
\@outlinefile=\write5
\openout5 = `MSc-thesis.out'.

\c__siunitx_mathsf_int=\count308

(/usr/local/texlive/2015/texmf-dist/tex/latex/amsfonts/umsa.fd
File: umsa.fd 2013/01/14 v3.01 AMS symbols A
)
(/usr/local/texlive/2015/texmf-dist/tex/latex/amsfonts/umsb.fd
File: umsb.fd 2013/01/14 v3.01 AMS symbols B
)
(/usr/local/texlive/2015/texmf-dist/tex/latex/esint/uesint.fd
File: uesint.fd 
)
(/usr/local/texlive/2015/texmf-dist/tex/latex/base/t1cmss.fd
File: t1cmss.fd 2014/09/29 v2.5h Standard LaTeX font definitions
)
\c__siunitx_mathtt_int=\count309

(/usr/local/texlive/2015/texmf-dist/tex/latex/base/t1cmtt.fd
File: t1cmtt.fd 2014/09/29 v2.5h Standard LaTeX font definitions
)
(./definitions_titlepage.tex
\c@satz=\count310


Package scrlayer-scrpage Warning: Command \deftripstyle is deprecate.
(scrlayer-scrpage)                You should replace it by \deftriplepagestyle,

(scrlayer-scrpage)                e.g., on input line 56.

<figures/crest_black.pdf, id=159, 64.24pt x 80.3pt>
File: figures/crest_black.pdf Graphic file (type pdf)

<use figures/crest_black.pdf>
Package pdftex.def Info: figures/crest_black.pdf used on input line 78.
(pdftex.def)             Requested size: 104.56343pt x 130.71506pt.
 [1



{/usr/local/texlive/2015/texmf-var/fonts/map/pdftex/updmap/pdftex.map} <./figur
es/crest_black.pdf>] [2


]) (./preface.tex

Package scrlayer-scrpage Warning: \headheight to low.
(scrlayer-scrpage)                At least 17.68002pt needed,
(scrlayer-scrpage)                but only 17.0pt found.
(scrlayer-scrpage)                I'll enlarge \headheight, for further
(scrlayer-scrpage)                processing, but you should do this yourself,
(scrlayer-scrpage)                e.g., setting geometry's option
(scrlayer-scrpage)                `head=17.68002pt'.
(scrlayer-scrpage)                I'll also decrease \topmargin on input line 9
.


Overfull \vbox (0.68002pt too high) has occurred while \output is active []



Package scrlayer-scrpage Warning: \footheight to low.
(scrlayer-scrpage)                At least 17.68002pt needed,
(scrlayer-scrpage)                but only 17.0pt found.
(scrlayer-scrpage)                I'll enlarge \footheight, for further
(scrlayer-scrpage)                processing, but you should do this yourself,
(scrlayer-scrpage)                e.g., using
(scrlayer-scrpage)                  \setlength{\footheight}{17.68002pt}
(scrlayer-scrpage)                in your preamble.
(scrlayer-scrpage)                I'll also increase \footskip on input line 9.


[3] [4

]) (./MSc-thesis.toc
Underfull \vbox (badness 1769) has occurred while \output is active []

 [5



])
\tf@toc=\write6
\openout6 = `MSc-thesis.toc'.


[6]
\openout2 = `nomenclature.aux'.

 (./nomenclature.tex) (./introduction.tex [1





])
1: section
1: chapter
1: chapter
1: section
(./dpps-basics.tex [2]
chapter \textup {I}.

Class scrreprt Warning: \float@addtolists detected!
(scrreprt)              Implementation of \float@addtolist became
(scrreprt)              deprecated in KOMA-Script v3.01 2008/11/14 and
(scrreprt)              has been replaced by several more flexible
(scrreprt)              features of package `tocbasic`.
(scrreprt)              Since Version 3.12 support for deprecated
(scrreprt)              \float@addtolist interface has been
(scrreprt)              restricted to only some of the KOMA-Script
(scrreprt)              features and been removed from others.
(scrreprt)              Loading of package `scrhack' may help to
(scrreprt)              avoid this warning, if you are using a
(scrreprt)              a package that still implements the
(scrreprt)              deprecated \float@addtolist interface .


Overfull \hbox (10.19217pt too wide) in paragraph at lines 1--1
|\T1/qtm/b/n/24.88 Determinantal point pro-cesses: Ba-sic no-
 []

[3

] <figures/DPP-in-square-large-3.pdf, id=296, 244.52663pt x 218.74475pt>
File: figures/DPP-in-square-large-3.pdf Graphic file (type pdf)

<use figures/DPP-in-square-large-3.pdf>
Package pdftex.def Info: figures/DPP-in-square-large-3.pdf used on input line 5
1.
(pdftex.def)             Requested size: 185.70474pt x 166.1309pt.

<figures/Poisson-in-square-large-2.pdf, id=297, 242.08078pt x 218.71593pt>
File: figures/Poisson-in-square-large-2.pdf Graphic file (type pdf)

<use figures/Poisson-in-square-large-2.pdf>
Package pdftex.def Info: figures/Poisson-in-square-large-2.pdf used on input li
ne 52.
(pdftex.def)             Requested size: 184.03265pt x 166.2692pt.


LaTeX Warning: `!h' float specifier changed to `!ht'.

[4] [5 <./figures/DPP-in-square-large-3.pdf> <./figures/Poisson-in-square-large
-2.pdf>] [6] <figures/qd-decomposition.png, id=358, 1419.3025pt x 711.65875pt>
File: figures/qd-decomposition.png Graphic file (type png)

<use figures/qd-decomposition.png>
Package pdftex.def Info: figures/qd-decomposition.png used on input line 122.
(pdftex.def)             Requested size: 334.60425pt x 167.77191pt.
 [7 <./figures/qd-decomposition.png>]
[8] [9] [10] [11]
Underfull \vbox (badness 4072) has occurred while \output is active []

 [12]
[13] [14] [15]
Package hyperref Info: bookmark level for unknown algorithm defaults to 0 on in
put line 485.
 [16] [17] [18] [19] [20]
<figures/comparison-different-DPPs-Poisson-4.pdf, id=497, 362.73401pt x 295.315
19pt>
File: figures/comparison-different-DPPs-Poisson-4.pdf Graphic file (type pdf)
 <use figures/comparison-different-DPPs-Poisson-4.pdf>
Package pdftex.def Info: figures/comparison-different-DPPs-Poisson-4.pdf used o
n input line 730.
(pdftex.def)             Requested size: 250.95477pt x 204.31743pt.
 [21 <./figures/comparison-different-DPPs-Poisson-4.pdf>] [22]
File: figures/DPP-in-square-large-3.pdf Graphic file (type pdf)

<use figures/DPP-in-square-large-3.pdf>
Package pdftex.def Info: figures/DPP-in-square-large-3.pdf used on input line 7
74.
(pdftex.def)             Requested size: 185.70474pt x 166.1309pt.
File: figures/Poisson-in-square-large-2.pdf Graphic file (type pdf)

<use figures/Poisson-in-square-large-2.pdf>
Package pdftex.def Info: figures/Poisson-in-square-large-2.pdf used on input li
ne 775.
(pdftex.def)             Requested size: 184.03265pt x 166.2692pt.
 [23]
<figures/DPP-in-square-large-log-linear.pdf, id=531, 248.0382pt x 234.85692pt>
File: figures/DPP-in-square-large-log-linear.pdf Graphic file (type pdf)

<use figures/DPP-in-square-large-log-linear.pdf>
Package pdftex.def Info: figures/DPP-in-square-large-log-linear.pdf used on inp
ut line 787.
(pdftex.def)             Requested size: 250.95477pt x 237.6229pt.
 [24 <./figures/DPP-in-square-large-log-linear.pdf>]) (./learning.tex
chapter \textup {II}.
[25


] [26] [27] [28]

LaTeX Warning: `!h' float specifier changed to `!ht'.

[29] [30] [31]

LaTeX Warning: `!h' float specifier changed to `!ht'.

[32] [33]
Overfull \hbox (0.9655pt too wide) in paragraph at lines 362--363
[][]\T1/qtm/b/sc/10.95 2.12 Con-struc-tion of the equiv-a-lence class. []\T1/qt
m/m/n/10.95 We have shown that the de-ter-mi-nan-tal equiv-
 []

[34] [35]
Overfull \hbox (2.10439pt too wide) in paragraph at lines 449--450
[][]\T1/qtm/b/sc/10.95 2.15 Pseu-do-met-ric on the marginal ker-nels. []\T1/qtm
/m/n/10.95 We de-fine the dis-tance be-tween two marginal
 []

[36] [37]) (./mle.tex [38] [39] [40] [41] [42] [43] [44] [45] [46] [47]
[48] [49] [50] [51]
Underfull \vbox (badness 1033) has occurred while \output is active []

 [52]
[53] [54] [55] [56] [57] [58] [59]) (./bayes.tex [60]
chapter \textup {III}.
[61

] [62]
<figures/heatmap-log-linearity-SliceSampling-new-3.png, id=918, 580.1675pt x 43
3.62pt>
File: figures/heatmap-log-linearity-SliceSampling-new-3.png Graphic file (type 
png)
 <use figures/heatmap-log-linearity-SliceSampling-new-3.png>
Package pdftex.def Info: figures/heatmap-log-linearity-SliceSampling-new-3.png 
used on input line 61.
(pdftex.def)             Requested size: 250.95477pt x 187.56453pt.
 [63 <./figures/heatmap-log-linearity-SliceSampling-new-3.png>]
(/usr/local/texlive/2015/texmf-dist/tex/latex/amsfonts/ueuf.fd
File: ueuf.fd 2013/01/14 v3.01 Euler Fraktur
) [64] [65]
[66] [67]
Overfull \hbox (6.5593pt too wide) in paragraph at lines 248--249
[][]\T1/qtm/b/sc/10.95 3.11  The-o-rem (Ex-is-tence of sta-tion-ary dis-tri-bu-
tions)\T1/qtm/b/n/10.95 . []\T1/qtm/m/it/10.95 If $\LMP1/mtt/m/it/10.95 .X[]/[]
$ \T1/qtm/m/it/10.95 is a re-cur-rent Markov
 []

[68] [69] [70] [71] [72] [73]
<figures/alpha-small.pdf, id=1048, 328.22626pt x 330.23375pt>
File: figures/alpha-small.pdf Graphic file (type pdf)

<use figures/alpha-small.pdf>
Package pdftex.def Info: figures/alpha-small.pdf used on input line 440.
(pdftex.def)             Requested size: 167.29893pt x 168.32123pt.

<figures/auto-alpha-small.pdf, id=1049, 328.22626pt x 330.23375pt>
File: figures/auto-alpha-small.pdf Graphic file (type pdf)

<use figures/auto-alpha-small.pdf>
Package pdftex.def Info: figures/auto-alpha-small.pdf used on input line 441.
(pdftex.def)             Requested size: 167.29893pt x 168.32123pt.

<figures/alpha-optimal.pdf, id=1050, 328.22626pt x 330.23375pt>
File: figures/alpha-optimal.pdf Graphic file (type pdf)

<use figures/alpha-optimal.pdf>
Package pdftex.def Info: figures/alpha-optimal.pdf used on input line 442.
(pdftex.def)             Requested size: 167.29893pt x 168.32123pt.

<figures/auto-alpha-optimal.pdf, id=1051, 328.22626pt x 330.23375pt>
File: figures/auto-alpha-optimal.pdf Graphic file (type pdf)

<use figures/auto-alpha-optimal.pdf>
Package pdftex.def Info: figures/auto-alpha-optimal.pdf used on input line 443.

(pdftex.def)             Requested size: 167.29893pt x 168.32123pt.

<figures/alpha-big.pdf, id=1052, 328.22626pt x 330.23375pt>
File: figures/alpha-big.pdf Graphic file (type pdf)

<use figures/alpha-big.pdf>
Package pdftex.def Info: figures/alpha-big.pdf used on input line 444.
(pdftex.def)             Requested size: 167.29893pt x 168.32123pt.

<figures/auto-alpha-big.pdf, id=1053, 328.22626pt x 330.23375pt>
File: figures/auto-alpha-big.pdf Graphic file (type pdf)

<use figures/auto-alpha-big.pdf>
Package pdftex.def Info: figures/auto-alpha-big.pdf used on input line 445.
(pdftex.def)             Requested size: 167.29893pt x 168.32123pt.


LaTeX Warning: `!h' float specifier changed to `!ht'.

[74]

LaTeX Warning: Text page 75 contains only floats.

[75 <./figures/alpha-small.pdf> <./figures/auto-alpha-small.pdf> <./figures/alp
ha-optimal.pdf> <./figures/auto-alpha-optimal.pdf> <./figures/alpha-big.pdf> <.
/figures/auto-alpha-big.pdf>]
Overfull \hbox (5.90364pt too wide) in paragraph at lines 477--478
[][]\T1/qtm/b/sc/10.95 3.26 The slice sam-pling method. []\T1/qtm/m/n/10.95 As-
sume we have al-ready given the first $\LMP1/mtt/m/it/10.95 n$ \T1/qtm/m/n/10.9
5 sam-ples $\LMP1/mtt/m/it/10.95 x[]; [] ; x[]$
 []

<figures/Slice-sampling-neal-new.png, id=1103, 1065.9825pt x 743.77875pt>
File: figures/Slice-sampling-neal-new.png Graphic file (type png)

<use figures/Slice-sampling-neal-new.png>
Package pdftex.def Info: figures/Slice-sampling-neal-new.png used on input line
 481.
(pdftex.def)             Requested size: 250.95477pt x 175.09445pt.
 [76 <./figures/Slice-sampling-neal-new.png>] (/usr/local/texlive/2015/texmf-di
st/tex/latex/doublestroke/Udsrom.fd
File: Udsrom.fd 1995/08/01 v0.1 Double stroke roman font definitions
)
[77] [78] [79] [80]
<figures/slice-alpha-small.pdf, id=1151, 328.22626pt x 330.23375pt>
File: figures/slice-alpha-small.pdf Graphic file (type pdf)

<use figures/slice-alpha-small.pdf>
Package pdftex.def Info: figures/slice-alpha-small.pdf used on input line 655.
(pdftex.def)             Requested size: 175.66579pt x 176.74132pt.

<figures/slice-auto-alpha-small.pdf, id=1152, 328.22626pt x 330.23375pt>
File: figures/slice-auto-alpha-small.pdf Graphic file (type pdf)

<use figures/slice-auto-alpha-small.pdf>
Package pdftex.def Info: figures/slice-auto-alpha-small.pdf used on input line 
656.
(pdftex.def)             Requested size: 175.66579pt x 176.74132pt.

<figures/slice-alpha-optimal.pdf, id=1153, 328.22626pt x 330.23375pt>
File: figures/slice-alpha-optimal.pdf Graphic file (type pdf)

<use figures/slice-alpha-optimal.pdf>
Package pdftex.def Info: figures/slice-alpha-optimal.pdf used on input line 657
.
(pdftex.def)             Requested size: 175.66579pt x 176.74132pt.

<figures/slice-auto-alpha-optimal.pdf, id=1154, 328.22626pt x 330.23375pt>
File: figures/slice-auto-alpha-optimal.pdf Graphic file (type pdf)

<use figures/slice-auto-alpha-optimal.pdf>
Package pdftex.def Info: figures/slice-auto-alpha-optimal.pdf used on input lin
e 658.
(pdftex.def)             Requested size: 175.66579pt x 176.74132pt.

<figures/slice-alpha-big.pdf, id=1155, 328.22626pt x 330.23375pt>
File: figures/slice-alpha-big.pdf Graphic file (type pdf)

<use figures/slice-alpha-big.pdf>
Package pdftex.def Info: figures/slice-alpha-big.pdf used on input line 659.
(pdftex.def)             Requested size: 175.66579pt x 176.74132pt.

<figures/slice-auto-alpha-big.pdf, id=1156, 328.22626pt x 330.23375pt>
File: figures/slice-auto-alpha-big.pdf Graphic file (type pdf)

<use figures/slice-auto-alpha-big.pdf>
Package pdftex.def Info: figures/slice-auto-alpha-big.pdf used on input line 66
0.
(pdftex.def)             Requested size: 175.66579pt x 176.74132pt.


LaTeX Warning: `!h' float specifier changed to `!ht'.

[81]

LaTeX Warning: Text page 82 contains only floats.


Underfull \vbox (badness 10000) has occurred while \output is active []

 [82 <./figures/slice-alpha-small.pdf> <./figures/slice-auto-alpha-small.pdf> <
./figures/slice-alpha-optimal.pdf> <./figures/slice-auto-alpha-optimal.pdf> <./
figures/slice-alpha-big.pdf> <./figures/slice-auto-alpha-big.pdf>] [83] [84]
chapter \textup {IV}.
[85

] [86] <figures/first-burn-in.pdf, id=1239, 361.35pt x 392.46625pt>
File: figures/first-burn-in.pdf Graphic file (type pdf)

<use figures/first-burn-in.pdf>
Package pdftex.def Info: figures/first-burn-in.pdf used on input line 836.
(pdftex.def)             Requested size: 204.94661pt x 222.59421pt.

<figures/first-burn-in-second-start.pdf, id=1240, 361.35pt x 392.46625pt>
File: figures/first-burn-in-second-start.pdf Graphic file (type pdf)

<use figures/first-burn-in-second-start.pdf>
Package pdftex.def Info: figures/first-burn-in-second-start.pdf used on input l
ine 837.
(pdftex.def)             Requested size: 204.94661pt x 222.59421pt.


LaTeX Warning: `!h' float specifier changed to `!ht'.

<figures/first-parameter.pdf, id=1242, 361.35pt x 392.46625pt>
File: figures/first-parameter.pdf Graphic file (type pdf)

<use figures/first-parameter.pdf>
Package pdftex.def Info: figures/first-parameter.pdf used on input line 850.
(pdftex.def)             Requested size: 204.94661pt x 222.59421pt.

<figures/second-parameter.pdf, id=1243, 361.35pt x 392.46625pt>
File: figures/second-parameter.pdf Graphic file (type pdf)

<use figures/second-parameter.pdf>
Package pdftex.def Info: figures/second-parameter.pdf used on input line 851.
(pdftex.def)             Requested size: 204.94661pt x 222.59421pt.
 [87] [88 <./figures/first-burn-in.pdf> <./figures/first-burn-in-second-start.p
df> <./figures/first-parameter.pdf> <./figures/second-parameter.pdf>]
<figures/second-burn-in.pdf, id=1283, 361.35pt x 392.46625pt>
File: figures/second-burn-in.pdf Graphic file (type pdf)

<use figures/second-burn-in.pdf>
Package pdftex.def Info: figures/second-burn-in.pdf used on input line 865.
(pdftex.def)             Requested size: 250.95477pt x 272.5686pt.

<figures/bayes-second-burn-in-first-parameter.pdf, id=1284, 361.35pt x 392.4662
5pt>
File: figures/bayes-second-burn-in-first-parameter.pdf Graphic file (type pdf)
 <use figures/bayes-second-burn-in-first-parameter.pdf>
Package pdftex.def Info: figures/bayes-second-burn-in-first-parameter.pdf used 
on input line 872.
(pdftex.def)             Requested size: 204.94661pt x 222.59421pt.

<figures/bayes-second-burn-in-second-parameter.pdf, id=1285, 361.35pt x 392.466
25pt>
File: figures/bayes-second-burn-in-second-parameter.pdf Graphic file (type pdf)

 <use figures/bayes-second-burn-in-second-parameter.pdf>
Package pdftex.def Info: figures/bayes-second-burn-in-second-parameter.pdf used
 on input line 873.
(pdftex.def)             Requested size: 204.94661pt x 222.59421pt.

<figures/bayes-final-MH-first-parameter.pdf, id=1286, 361.35pt x 392.46625pt>
File: figures/bayes-final-MH-first-parameter.pdf Graphic file (type pdf)

<use figures/bayes-final-MH-first-parameter.pdf>
Package pdftex.def Info: figures/bayes-final-MH-first-parameter.pdf used on inp
ut line 874.
(pdftex.def)             Requested size: 204.94661pt x 222.59421pt.

<figures/bayes-final-MH-second-parameter.pdf, id=1287, 361.35pt x 392.46625pt>
File: figures/bayes-final-MH-second-parameter.pdf Graphic file (type pdf)

<use figures/bayes-final-MH-second-parameter.pdf>
Package pdftex.def Info: figures/bayes-final-MH-second-parameter.pdf used on in
put line 875.
(pdftex.def)             Requested size: 204.94661pt x 222.59421pt.


LaTeX Warning: `!h' float specifier changed to `!ht'.

<figures/bayes-acf-second-burn-in.pdf, id=1290, 361.35pt x 392.46625pt>
File: figures/bayes-acf-second-burn-in.pdf Graphic file (type pdf)

<use figures/bayes-acf-second-burn-in.pdf>
Package pdftex.def Info: figures/bayes-acf-second-burn-in.pdf used on input lin
e 887.
(pdftex.def)             Requested size: 204.94661pt x 222.59421pt.

<figures/bayes-acf-final-MH.pdf, id=1291, 361.35pt x 392.46625pt>
File: figures/bayes-acf-final-MH.pdf Graphic file (type pdf)

<use figures/bayes-acf-final-MH.pdf>
Package pdftex.def Info: figures/bayes-acf-final-MH.pdf used on input line 888.

(pdftex.def)             Requested size: 204.94661pt x 222.59421pt.

<figures/bayes-mle-and-regmle.png, id=1293, 482.80376pt x 523.9575pt>
File: figures/bayes-mle-and-regmle.png Graphic file (type png)

<use figures/bayes-mle-and-regmle.png>
Package pdftex.def Info: figures/bayes-mle-and-regmle.png used on input line 89
6.
(pdftex.def)             Requested size: 209.12686pt x 226.95229pt.
 [89 <./figures/second-burn-in.pdf>]

LaTeX Warning: `!h' float specifier changed to `!ht'.


Underfull \vbox (badness 10000) has occurred while \output is active []

 [90 <./figures/bayes-second-burn-in-first-parameter.pdf> <./figures/bayes-seco
nd-burn-in-second-parameter.pdf> <./figures/bayes-final-MH-first-parameter.pdf>
 <./figures/bayes-final-MH-second-parameter.pdf>]

LaTeX Warning: Text page 91 contains only floats.


Underfull \vbox (badness 5077) has occurred while \output is active []

 [91 <./figures/bayes-acf-second-burn-in.pdf> <./figures/bayes-acf-final-MH.pdf
> <./figures/bayes-mle-and-regmle.png>]
<figures/bayes-mle-withou-prior.png, id=1357, 482.80376pt x 523.9575pt>
File: figures/bayes-mle-withou-prior.png Graphic file (type png)

<use figures/bayes-mle-withou-prior.png>
Package pdftex.def Info: figures/bayes-mle-withou-prior.png used on input line 
933.
(pdftex.def)             Requested size: 250.95477pt x 272.34753pt.


LaTeX Warning: `!h' float specifier changed to `!ht'.

[92] <figures/posterior-direct-approx.png, id=1369, 531.9875pt x 523.9575pt>
File: figures/posterior-direct-approx.png Graphic file (type png)

<use figures/posterior-direct-approx.png>
Package pdftex.def Info: figures/posterior-direct-approx.png used on input line
 954.
(pdftex.def)             Requested size: 204.94661pt x 201.84818pt.

<figures/likelihood-direct-approx.png, id=1370, 531.9875pt x 523.9575pt>
File: figures/likelihood-direct-approx.png Graphic file (type png)

<use figures/likelihood-direct-approx.png>
Package pdftex.def Info: figures/likelihood-direct-approx.png used on input lin
e 955.
(pdftex.def)             Requested size: 204.94661pt x 201.84818pt.
 [93 <./figures/bayes-mle-withou-prior.png>]
Package hyperref Info: bookmark level for unknown todo defaults to 0 on input l
ine 965.
 [94 <./figures/posterior-direct-approx.png> <./figures/likelihood-direct-appro
x.png>]

LaTeX Warning: Marginpar on page 95 moved.

[95] [96] [97]) (./summary.tex [98]
chapter \textup {V}.

Underfull \vbox (badness 10000) has occurred while \output is active []

 [99

])
(./appendix.tex [100]
chapter A.
[101

]
chapter B.
(/usr/local/texlive/2015/texmf-dist/tex/latex/listings/lstlang1.sty
File: lstlang1.sty 2015/06/04 1.6 listings language file
)
(/usr/local/texlive/2015/texmf-dist/tex/latex/listings/lstlang2.sty
File: lstlang2.sty 2015/06/04 1.6 listings language file
)
(/usr/local/texlive/2015/texmf-dist/tex/latex/listings/lstlang3.sty
File: lstlang3.sty 2015/06/04 1.6 listings language file
) [102

]
[103]
Overfull \hbox (8.35062pt too wide) in paragraph at lines 378--379
[][][][][][][][][][][][][][][][][][][][][][][][][][][][][] 
 []


Overfull \hbox (8.35062pt too wide) in paragraph at lines 386--387
[][][][][][][][][][][][][][][][][][][][][][][][][][][][][][][][] 
 []


Overfull \hbox (2.95056pt too wide) in paragraph at lines 414--415
[][][][][][][][][][][][][][][][][][][][][][][][][][][][] 
 []


Overfull \hbox (2.95056pt too wide) in paragraph at lines 415--416
[][][][][][][][][][][][][][][][][][][][][][][][][][][][][][][][][][][] 
 []


Overfull \hbox (2.95056pt too wide) in paragraph at lines 416--417
[][][][][][][][][][][][][][][][][][][][][][][][][][][][][] 
 []


Underfull \vbox (badness 10000) has occurred while \output is active []

 [104]
Overfull \hbox (8.35062pt too wide) in paragraph at lines 426--427
[][][][][][][][][][][][][][][][][][][][][][][][][][][][][][][][] 
 []


Overfull \hbox (2.95056pt too wide) in paragraph at lines 427--428
[][][][][][][][][][][][][][][][][][][][][][][][][][][][][][] 
 []

[105]
Overfull \hbox (2.95056pt too wide) in paragraph at lines 538--539
[][][][][][][][][][][][][][][][][][][][][][][][][][][][][][][][][] 
 []


Overfull \hbox (2.95056pt too wide) in paragraph at lines 548--549
[][][][][][][][][][][][][][][][][][][][][][][][][][][][][] 
 []


Underfull \vbox (badness 10000) has occurred while \output is active []

 [106])
(./MSc-thesis.nls [107]) [108

] (./MSc-thesis.bbl [109


] [110] [111] [112]
Underfull \hbox (badness 10000) in paragraph at lines 296--301
[]\T1/qtm/m/n/10.95 Terence Tao.  A sec-ond draft of a non-technical ar-ti-cle 
on uni-
 []


Underfull \hbox (badness 10000) in paragraph at lines 296--301
\T1/qtm/m/n/10.95 ver-sal-ity.  []$\T1/cmtt/m/n/10.95 https : / / terrytao . wo
rdpress . com / 2010 / 09 / 14 /
 []


Underfull \hbox (badness 10000) in paragraph at lines 296--301
\T1/cmtt/m/n/10.95 a-[]second-[]draft-[]of-[]a-[]non-[]technical-[]article-[]on
-[]universality/$[]\T1/qtm/m/n/10.95 ,
 []

) [113]
Package atveryend Info: Empty hook `BeforeClearDocument' on input line 95.
Package atveryend Info: Empty hook `AfterLastShipout' on input line 95.
 (./MSc-thesis.aux (./nomenclature.aux))
Package atveryend Info: Executing hook `AtVeryEndDocument' on input line 95.
Package atveryend Info: Executing hook `AtEndAfterFileList' on input line 95.
Package rerunfilecheck Info: File `MSc-thesis.out' has not changed.
(rerunfilecheck)             Checksum: 240949656EED6F1B94D7742298D4B4C1;3007.
Package atveryend Info: Empty hook `AtVeryVeryEnd' on input line 95.
 ) 
Here is how much of TeX's memory you used:
 38293 strings out of 493033
 763880 string characters out of 6134139
 926081 words of memory out of 5000000
 40483 multiletter control sequences out of 15000+600000
 221153 words of font info for 155 fonts, out of 8000000 for 9000
 1141 hyphenation exceptions out of 8191
 72i,25n,95p,10380b,3017s stack positions out of 5000i,500n,10000p,200000b,80000s
{/usr/local/texlive/2015/texmf-dist/fonts/enc/dvips/cm-super/cm-super-t1.enc}
{/usr/local/texlive/2015/texmf-dist/fonts/enc/dvips/tex-gyre/q-ec.enc}{/usr/loc
al/texlive/2015/texmf-dist/fonts/enc/dvips/tex-gyre/q-ec-sc.enc}</usr/local/tex
live/2015/texmf-dist/fonts/type1/public/amsfonts/cm/cmsy10.pfb></usr/local/texl
ive/2015/texmf-dist/fonts/type1/public/amsfonts/cm/cmsy6.pfb></usr/local/texliv
e/2015/texmf-dist/fonts/type1/public/amsfonts/cm/cmsy7.pfb></usr/local/texlive/
2015/texmf-dist/fonts/type1/public/amsfonts/cm/cmsy8.pfb></usr/local/texlive/20
15/texmf-dist/fonts/type1/public/amsfonts/cm/cmsy9.pfb></usr/local/texlive/2015
/texmf-dist/fonts/type1/public/doublestroke/dsrom10.pfb></usr/local/texlive/201
5/texmf-dist/fonts/type1/public/esint-type1/esint10.pfb></usr/local/texlive/201
5/texmf-dist/fonts/type1/public/amsfonts/euler/eufm10.pfb></usr/local/texlive/2
015/texmf-dist/fonts/type1/public/amsfonts/symbols/msbm10.pfb></usr/local/texli
ve/texmf-local/fonts/type1/pctex/mtpro2/mt2exa.pfb></usr/local/texlive/texmf-lo
cal/fonts/type1/pctex/mtpro2/mt2mif.pfb></usr/local/texlive/texmf-local/fonts/t
ype1/pctex/mtpro2/mt2mis.pfb></usr/local/texlive/texmf-local/fonts/type1/pctex/
mtpro2/mt2mit.pfb></usr/local/texlive/texmf-local/fonts/type1/pctex/mtpro2/mt2s
yf.pfb></usr/local/texlive/texmf-local/fonts/type1/pctex/mtpro2/mt2sys.pfb></us
r/local/texlive/texmf-local/fonts/type1/pctex/mtpro2/mt2syt.pfb></usr/local/tex
live/2015/texmf-dist/fonts/type1/public/tex-gyre/qtmb.pfb></usr/local/texlive/2
015/texmf-dist/fonts/type1/public/tex-gyre/qtmr.pfb></usr/local/texlive/2015/te
xmf-dist/fonts/type1/public/tex-gyre/qtmri.pfb></usr/local/texlive/2015/texmf-d
ist/fonts/type1/public/cm-super/sftt1095.pfb>
Output written on MSc-thesis.pdf (119 pages, 1003621 bytes).
PDF statistics:
 1952 PDF objects out of 2073 (max. 8388607)
 1721 compressed objects within 18 object streams
 717 named destinations out of 1000 (max. 500000)
 492 words of extra memory for PDF output out of 10000 (max. 10000000)

